<?xml version="1.0" encoding="UTF-8"?>
<testng-results ignored="0" total="1" passed="1" failed="0" skipped="0">
  <reporter-output>
  </reporter-output>
  <suite started-at="2026-03-29T12:31:13 IST" name="Default suite" finished-at="2026-03-29T12:31:23 IST" duration-ms="10046">
    <groups>
    </groups>
    <test started-at="2026-03-29T12:31:13 IST" name="Default test" finished-at="2026-03-29T12:31:23 IST" duration-ms="10046">
      <class name="Test1.Test_Netflix">
        <test-method is-config="true" signature="firstset()[pri:0, instance:Test1.Test_Netflix@28701274]" started-at="2026-03-29T12:31:13 IST" name="firstset" finished-at="2026-03-29T12:31:20 IST" duration-ms="7098" status="PASS">
          <reporter-output>
          </reporter-output>
        </test-method> <!-- firstset -->
        <test-method signature="validation()[pri:0, instance:Test1.Test_Netflix@28701274]" started-at="2026-03-29T12:31:20 IST" name="validation" finished-at="2026-03-29T12:31:22 IST" duration-ms="2492" status="PASS">
          <reporter-output>
          </reporter-output>
        </test-method> <!-- validation -->
        <test-method is-config="true" signature="closing()[pri:0, instance:Test1.Test_Netflix@28701274]" started-at="2026-03-29T12:31:22 IST" name="closing" finished-at="2026-03-29T12:31:23 IST" duration-ms="400" status="PASS">
          <reporter-output>
          </reporter-output>
        </test-method> <!-- closing -->
      </class> <!-- Test1.Test_Netflix -->
    </test> <!-- Default test -->
  </suite> <!-- Default suite -->
</testng-results>
