<?xml version="1.0" encoding="UTF-8"?>
<testng-results ignored="0" total="2" passed="2" failed="0" skipped="0">
  <reporter-output>
  </reporter-output>
  <suite started-at="2026-03-29T14:21:56 IST" name="Default suite" finished-at="2026-03-29T14:22:04 IST" duration-ms="8028">
    <groups>
    </groups>
    <test started-at="2026-03-29T14:21:56 IST" name="Default test" finished-at="2026-03-29T14:22:04 IST" duration-ms="8028">
      <class name="Test1.Saucelab_Test">
        <test-method is-config="true" signature="firstset()[pri:0, instance:Test1.Saucelab_Test@13c9d689]" started-at="2026-03-29T14:21:56 IST" name="firstset" finished-at="2026-03-29T14:22:00 IST" duration-ms="3112" status="PASS">
          <reporter-output>
          </reporter-output>
        </test-method> <!-- firstset -->
        <test-method signature="valid()[pri:1, instance:Test1.Saucelab_Test@13c9d689]" started-at="2026-03-29T14:22:00 IST" name="valid" finished-at="2026-03-29T14:22:01 IST" duration-ms="1432" status="PASS">
          <reporter-output>
          </reporter-output>
        </test-method> <!-- valid -->
        <test-method is-config="true" signature="closing()[pri:0, instance:Test1.Saucelab_Test@13c9d689]" started-at="2026-03-29T14:22:01 IST" name="closing" finished-at="2026-03-29T14:22:01 IST" duration-ms="433" status="PASS">
          <reporter-output>
          </reporter-output>
        </test-method> <!-- closing -->
        <test-method is-config="true" signature="firstset()[pri:0, instance:Test1.Saucelab_Test@13c9d689]" started-at="2026-03-29T14:22:01 IST" name="firstset" finished-at="2026-03-29T14:22:03 IST" duration-ms="1486" status="PASS">
          <reporter-output>
          </reporter-output>
        </test-method> <!-- firstset -->
        <test-method signature="invalid()[pri:2, instance:Test1.Saucelab_Test@13c9d689]" started-at="2026-03-29T14:22:03 IST" name="invalid" finished-at="2026-03-29T14:22:04 IST" duration-ms="1148" status="PASS">
          <reporter-output>
          </reporter-output>
        </test-method> <!-- invalid -->
        <test-method is-config="true" signature="closing()[pri:0, instance:Test1.Saucelab_Test@13c9d689]" started-at="2026-03-29T14:22:04 IST" name="closing" finished-at="2026-03-29T14:22:04 IST" duration-ms="317" status="PASS">
          <reporter-output>
          </reporter-output>
        </test-method> <!-- closing -->
      </class> <!-- Test1.Saucelab_Test -->
    </test> <!-- Default test -->
  </suite> <!-- Default suite -->
</testng-results>
