<?xml version="1.0" encoding="UTF-8"?>
<!-- Generated by org.testng.reporters.JUnitReportReporter -->
<testsuite hostname="LAPTOP-V5KA4IQN" failures="0" tests="3" name="TestNG_Clas.Class_1" time="0.079" errors="0" timestamp="2026-03-02T10:51:25 IST" skipped="0">
  <testcase classname="TestNG_Clas.Class_1" name="logout" time="0.007"/>
  <testcase classname="TestNG_Clas.Class_1" name="login" time="0.066"/>
  <testcase classname="TestNG_Clas.Class_1" name="open_the_app" time="0.006"/>
</testsuite> <!-- TestNG_Clas.Class_1 -->
