<?xml version="1.0" encoding="UTF-8"?>
<!-- Generated by org.testng.reporters.JUnitReportReporter -->
<testsuite hostname="LAPTOP-V5KA4IQN" failures="0" tests="1" name="TESTNG.Script_1" time="0.009" errors="0" timestamp="2026-03-08T15:47:12 IST" skipped="0">
  <testcase classname="TESTNG.Script_1" name="testcase" time="0.009">
    <system-out>
      <![CDATA[Test case generated]]>
    </system-out>
  </testcase> <!-- testcase -->
  <system-out>
    <![CDATA[Test case generated]]>
  </system-out>
</testsuite> <!-- TESTNG.Script_1 -->
